make all --print-data-base --no-builtin-variables --no-builtin-rules --question
make: *** No rule to make target 'all'.  Stop.

# GNU Make 4.3
# Built for x86_64-pc-linux-gnu
# Copyright (C) 1988-2020 Free Software Foundation, Inc.
# License GPLv3+: GNU GPL version 3 or later <http://gnu.org/licenses/gpl.html>
# This is free software: you are free to change and redistribute it.
# There is NO WARRANTY, to the extent permitted by law.

# Make data base, printed on Wed May 25 19:18:49 2022

# Variables

# environment
GDK_BACKEND = x11
# environment
LC_ALL = C
# environment
GNOME_SHELL_SESSION_MODE = ubuntu
# environment
SSH_AGENT_LAUNCHER = gnome-keyring
# environment
GJS_DEBUG_OUTPUT = stderr
# environment
VSCODE_IPC_HOOK_EXTHOST = /run/user/1000/vscode-ipc-e2209291-3e4e-4c61-8ee9-9f0f04ea1792.sock
# environment
MANDATORY_PATH = /usr/share/gconf/ubuntu.mandatory.path
# environment
LC_NAME = id_ID.UTF-8
# environment
LC_NUMERIC = id_ID.UTF-8
# environment
VSCODE_CWD = /home/aldo
# environment
WINDOWPATH = 2
# environment
LC_ADDRESS = id_ID.UTF-8
# default
MAKE_COMMAND := make
# environment
QT_ACCESSIBILITY = 1
# automatic
@D = $(patsubst %/,%,$(dir $@))
# environment
VSCODE_HANDLES_UNCAUGHT_ERRORS = true
# default
.VARIABLES := 
# environment
PWD = /home/aldo/Coding/Docker-Dendam-Si-Tikus
# automatic
%D = $(patsubst %/,%,$(dir $%))
# environment
LSCOLORS = Gxfxcxdxbxegedabagacad
# environment
XDG_DATA_DIRS = /usr/share/ubuntu:/usr/share/gnome:/usr/local/share/:/usr/share/:/var/lib/snapd/desktop
# environment
OLDPWD = /home/aldo
# automatic
^D = $(patsubst %/,%,$(dir $^))
# environment
VSCODE_LOG_STACK = false
# automatic
%F = $(notdir $%)
# environment
VSCODE_CODE_CACHE_PATH = /home/aldo/.config/Code/CachedData/c3511e6c69bb39013c4a4b7b9566ec1ca73fc4d5
# environment
LANG = C
# environment
XAUTHORITY = /run/user/1000/gdm/Xauthority
# default
.LOADED := 
# default
.INCLUDE_DIRS = /usr/local/include /usr/include /usr/include
# makefile
MAKEFLAGS = pqrR
# makefile
CURDIR := /home/aldo/Coding/Docker-Dendam-Si-Tikus
# environment
VSCODE_PIPE_LOGGING = true
# environment
APPLICATION_INSIGHTS_NO_DIAGNOSTIC_CHANNEL = 1
# automatic
*D = $(patsubst %/,%,$(dir $*))
# environment
MFLAGS = -pqrR
# environment
SSH_AUTH_SOCK = /run/user/1000/keyring/ssh
# default
.SHELLFLAGS := -c
# environment
XDG_CONFIG_DIRS = /etc/xdg/xdg-ubuntu:/etc/xdg
# automatic
+D = $(patsubst %/,%,$(dir $+))
# environment
P9K_SSH = 0
# environment
XDG_SESSION_DESKTOP = ubuntu
# makefile (from 'Makefile', line 1)
MAKEFILE_LIST := Makefile
# automatic
@F = $(notdir $@)
# environment
ZSH = /home/aldo/.oh-my-zsh
# environment
VSCODE_VERBOSE_LOGGING = true
# environment
VSCODE_PID = 98558
# environment
XDG_SESSION_TYPE = x11
# automatic
?D = $(patsubst %/,%,$(dir $?))
# environment
SESSION_MANAGER = local/L340:@/tmp/.ICE-unix/1511,unix/L340:/tmp/.ICE-unix/1511
# automatic
*F = $(notdir $*)
# environment
CHROME_DESKTOP = code-url-handler.desktop
# environment
DBUS_SESSION_BUS_ADDRESS = unix:path=/run/user/1000/bus
# automatic
<D = $(patsubst %/,%,$(dir $<))
# environment
VSCODE_NLS_CONFIG = {"locale":"en-us","availableLanguages":{},"_languagePackSupport":true}
# default
MAKE_HOST := x86_64-pc-linux-gnu
# environment
GNOME_DESKTOP_SESSION_ID = this-is-deprecated
# makefile
SHELL = /bin/sh
# default
MAKECMDGOALS := all
# environment
XMODIFIERS = @im=ibus
# environment
GJS_DEBUG_TOPICS = JS ERROR;JS LOG
# environment
SHLVL = 0
# environment
MAKELEVEL := 0
# default
MAKE = $(MAKE_COMMAND)
# environment
PATH = /usr/local/sbin:/usr/local/bin:/usr/sbin:/usr/bin:/sbin:/bin:/usr/games:/usr/local/games:/snap/bin:/snap/bin
# default
MAKEFILES := 
# environment
LC_MONETARY = id_ID.UTF-8
# automatic
^F = $(notdir $^)
# environment
LC_TIME = id_ID.UTF-8
# environment
INVOCATION_ID = d274d1c61fe54b72974e58408bd1e80d
# environment
VSCODE_LOG_NATIVE = false
# environment
USERNAME = aldo
# environment
LC_TELEPHONE = id_ID.UTF-8
# automatic
?F = $(notdir $?)
# environment
XDG_CURRENT_DESKTOP = Unity
# environment
LS_COLORS = 
# automatic
+F = $(notdir $+)
# environment
LESS = -R
# environment
DESKTOP_SESSION = ubuntu
# environment
ORIGINAL_XDG_CURRENT_DESKTOP = ubuntu:GNOME
# 'override' directive
GNUMAKEFLAGS := 
# environment
LOGNAME = aldo
# environment
GIO_LAUNCHED_DESKTOP_FILE = /usr/share/applications/code.desktop
# makefile
.DEFAULT_GOAL := build
# environment
SYSTEMD_EXEC_PID = 1546
# environment
DISPLAY = :0
# environment
USER = aldo
# environment
GTK_MODULES = gail:atk-bridge
# environment
DEFAULTS_PATH = /usr/share/gconf/ubuntu.default.path
# default
MAKE_VERSION := 4.3
# environment
MANAGERPID = 1072
# environment
LC_MEASUREMENT = id_ID.UTF-8
# environment
GIO_LAUNCHED_DESKTOP_FILE_PID = 98558
# environment
PAGER = less
# environment
_ = /usr/share/code/code
# environment
LC_PAPER = id_ID.UTF-8
# environment
XDG_RUNTIME_DIR = /run/user/1000
# environment
GPG_AGENT_INFO = /run/user/1000/gnupg/S.gpg-agent:0:1
# environment
JOURNAL_STREAM = 8:33019
# environment
XDG_SESSION_CLASS = user
# environment
VSCODE_AMD_ENTRYPOINT = vs/workbench/api/node/extensionHostProcess
# environment
HOME = /home/aldo
# environment
QT_IM_MODULE = ibus
# environment
ELECTRON_RUN_AS_NODE = 1
# environment
VSCODE_IPC_HOOK = /run/user/1000/vscode-3fc31abb-1.67.2-main.sock
# default
.RECIPEPREFIX := 
# automatic
<F = $(notdir $<)
# default
SUFFIXES := 
# default
.FEATURES := target-specific order-only second-expansion else-if shortest-stem undefine oneshell nocomment grouped-target extra-prereqs archives jobserver output-sync check-symlink load
# environment
XDG_MENU_PREFIX = gnome-
# environment
GDMSESSION = ubuntu
# environment
LC_IDENTIFICATION = id_ID.UTF-8
# variable set hash-table stats:
# Load=112/1024=11%, Rehash=0, Collisions=5/142=4%

# Pattern-specific Variable Values

# No pattern-specific variable values.

# Directories

# . (device 2054, inode 1447521): 13 files, no impossibilities.

# 13 files, no impossibilities in 1 directories.

# Implicit Rules

# No implicit rules.

# Files

run-windows:
#  Implicit rule search has not been done.
#  Modification time never checked.
#  File has not been updated.
#  recipe to execute (from 'Makefile', line 8):
	docker run --privileged -it --rm --cap-add=SYS_PTRACE -u 1000:1000 -e DISPLAY=127.0.0.1:0.0 -v %userprofile%\Downloads:/home/docker dendamsitikus

run-linux: xhost
#  Implicit rule search has not been done.
#  Modification time never checked.
#  File has not been updated.
#  recipe to execute (from 'Makefile', line 11):
	docker run --privileged -it --rm \
	--cap-add=SYS_PTRACE \
	-u 1000:1000 \
	-v /tmp/.X11-unix:/tmp/.X11-unix \
	-e DISPLAY \
	-v /run/dbus:/run/dbus \
	-v /dev/shm:/dev/shm \
	--device /dev/snd \
	--device /dev/dri \
	-e PULSE_SERVER=unix:${XDG_RUNTIME_DIR}/pulse/native \
	-v ${XDG_RUNTIME_DIR}/pulse/native:${XDG_RUNTIME_DIR}/pulse/native \
	-v /run/user/1000/pulse:/run/user/1000/pulse \
	-v /var/run/dbus:/var/run/dbus \
	-v ~/Downloads:/home/docker \
	dendamsitikus

# Not a target:
Makefile:
#  Implicit rule search has been done.
#  Last modified 2022-05-25 19:17:57.235114896
#  File has been updated.
#  Successfully updated.

xhost:
#  Implicit rule search has not been done.
#  Modification time never checked.
#  File has not been updated.
#  recipe to execute (from 'Makefile', line 5):
	xhost +	

# Not a target:
.DEFAULT:
#  Implicit rule search has not been done.
#  Modification time never checked.
#  File has not been updated.

# Not a target:
all:
#  Command line target.
#  Implicit rule search has been done.
#  File does not exist.
#  File has not been updated.

build:
#  Implicit rule search has not been done.
#  Modification time never checked.
#  File has not been updated.
#  recipe to execute (from 'Makefile', line 2):
	docker build . -t dendamsitikus
 

# files hash-table stats:
# Load=8/1024=1%, Rehash=0, Collisions=0/19=0%
# VPATH Search Paths

# No 'vpath' search paths.

# No general ('VPATH' variable) search path.

# strcache buffers: 1 (0) / strings = 22 / storage = 178 B / avg = 8 B
# current buf: size = 8162 B / used = 178 B / count = 22 / avg = 8 B

# strcache performance: lookups = 31 / hit rate = 29%
# hash-table stats:
# Load=22/8192=0%, Rehash=0, Collisions=1/31=3%
# Finished Make data base on Wed May 25 19:18:49 2022

 
